<?xml version="1.0" encoding="UTF-8"?>
<testsuite xmlns:xsi="http://www.w3.org/2001/XMLSchema-instance" xsi:noNamespaceSchemaLocation="https://maven.apache.org/surefire/maven-surefire-plugin/xsd/surefire-test-report.xsd" name="com.walmart.tests.SampleXmlIT" time="1.62" tests="1" errors="0" skipped="0" failures="0">
  <properties>
    <property name="sun.desktop" value="windows"/>
    <property name="awt.toolkit" value="sun.awt.windows.WToolkit"/>
    <property name="file.encoding.pkg" value="sun.io"/>
    <property name="java.specification.version" value="1.8"/>
    <property name="sun.cpu.isalist" value="amd64"/>
    <property name="sun.jnu.encoding" value="Cp1252"/>
    <property name="java.class.path" value="C:\Oxygen-eclipse\Workspace\multi-user-handling\target\test-classes;C:\Oxygen-eclipse\Workspace\multi-user-handling\target\classes;C:\Users\gbevara\.m2\repository\org\slf4j\jcl-over-slf4j\1.7.25\jcl-over-slf4j-1.7.25.jar;C:\Users\gbevara\.m2\repository\org\slf4j\slf4j-api\1.7.25\slf4j-api-1.7.25.jar;C:\Users\gbevara\.m2\repository\org\slf4j\slf4j-log4j12\1.7.25\slf4j-log4j12-1.7.25.jar;C:\Users\gbevara\.m2\repository\log4j\log4j\1.2.17\log4j-1.2.17.jar;C:\Users\gbevara\.m2\repository\commons-io\commons-io\1.3.2\commons-io-1.3.2.jar;C:\Users\gbevara\.m2\repository\com\consol\citrus\citrus-core\2.7.3\citrus-core-2.7.3.jar;C:\Users\gbevara\.m2\repository\com\consol\citrus\model\citrus-model-core\2.7.3\citrus-model-core-2.7.3.jar;C:\Users\gbevara\.m2\repository\javax\xml\bind\jaxb-api\2.2.11\jaxb-api-2.2.11.jar;C:\Users\gbevara\.m2\repository\com\sun\xml\bind\jaxb-core\2.2.11\jaxb-core-2.2.11.jar;C:\Users\gbevara\.m2\repository\com\sun\xml\bind\jaxb-impl\2.2.11\jaxb-impl-2.2.11.jar;C:\Users\gbevara\.m2\repository\commons-cli\commons-cli\1.3.1\commons-cli-1.3.1.jar;C:\Users\gbevara\.m2\repository\commons-codec\commons-codec\1.10\commons-codec-1.10.jar;C:\Users\gbevara\.m2\repository\commons-lang\commons-lang\2.6\commons-lang-2.6.jar;C:\Users\gbevara\.m2\repository\xalan\xalan\2.7.2\xalan-2.7.2.jar;C:\Users\gbevara\.m2\repository\xalan\serializer\2.7.2\serializer-2.7.2.jar;C:\Users\gbevara\.m2\repository\xerces\xercesImpl\2.11.0\xercesImpl-2.11.0.jar;C:\Users\gbevara\.m2\repository\xml-apis\xml-apis\1.4.01\xml-apis-1.4.01.jar;C:\Users\gbevara\.m2\repository\wsdl4j\wsdl4j\1.6.3\wsdl4j-1.6.3.jar;C:\Users\gbevara\.m2\repository\net\sf\jtidy\jtidy\r938\jtidy-r938.jar;C:\Users\gbevara\.m2\repository\org\hamcrest\hamcrest-core\1.3\hamcrest-core-1.3.jar;C:\Users\gbevara\.m2\repository\org\hamcrest\hamcrest-library\1.3\hamcrest-library-1.3.jar;C:\Users\gbevara\.m2\repository\org\codehaus\groovy\groovy\2.4.12\groovy-2.4.12.jar;C:\Users\gbevara\.m2\repository\org\codehaus\groovy\groovy-xml\2.4.12\groovy-xml-2.4.12.jar;C:\Users\gbevara\.m2\repository\org\codehaus\groovy\groovy-json\2.4.12\groovy-json-2.4.12.jar;C:\Users\gbevara\.m2\repository\org\codehaus\groovy\groovy-jsr223\2.4.12\groovy-jsr223-2.4.12.jar;C:\Users\gbevara\.m2\repository\commons-logging\commons-logging-api\1.1\commons-logging-api-1.1.jar;C:\Users\gbevara\.m2\repository\com\fasterxml\jackson\core\jackson-core\2.9.1\jackson-core-2.9.1.jar;C:\Users\gbevara\.m2\repository\com\fasterxml\jackson\core\jackson-annotations\2.9.1\jackson-annotations-2.9.1.jar;C:\Users\gbevara\.m2\repository\com\fasterxml\jackson\core\jackson-databind\2.9.1\jackson-databind-2.9.1.jar;C:\Users\gbevara\.m2\repository\net\minidev\json-smart\2.3\json-smart-2.3.jar;C:\Users\gbevara\.m2\repository\net\minidev\accessors-smart\1.2\accessors-smart-1.2.jar;C:\Users\gbevara\.m2\repository\org\ow2\asm\asm\5.0.4\asm-5.0.4.jar;C:\Users\gbevara\.m2\repository\com\jayway\jsonpath\json-path\2.4.0\json-path-2.4.0.jar;C:\Users\gbevara\.m2\repository\com\github\java-json-tools\json-schema-validator\2.2.8\json-schema-validator-2.2.8.jar;C:\Users\gbevara\.m2\repository\com\github\java-json-tools\json-schema-core\1.2.8\json-schema-core-1.2.8.jar;C:\Users\gbevara\.m2\repository\org\mozilla\rhino\1.7R4\rhino-1.7R4.jar;C:\Users\gbevara\.m2\repository\com\github\fge\jackson-coreutils\1.8\jackson-coreutils-1.8.jar;C:\Users\gbevara\.m2\repository\com\github\fge\msg-simple\1.1\msg-simple-1.1.jar;C:\Users\gbevara\.m2\repository\com\github\fge\btf\1.2\btf-1.2.jar;C:\Users\gbevara\.m2\repository\com\google\guava\guava\16.0.1\guava-16.0.1.jar;C:\Users\gbevara\.m2\repository\com\github\fge\uri-template\0.9\uri-template-0.9.jar;C:\Users\gbevara\.m2\repository\javax\mail\mailapi\1.4.3\mailapi-1.4.3.jar;C:\Users\gbevara\.m2\repository\javax\activation\activation\1.1\activation-1.1.jar;C:\Users\gbevara\.m2\repository\joda-time\joda-time\2.9.7\joda-time-2.9.7.jar;C:\Users\gbevara\.m2\repository\com\googlecode\libphonenumber\libphonenumber\8.0.0\libphonenumber-8.0.0.jar;C:\Users\gbevara\.m2\repository\com\google\code\findbugs\jsr305\3.0.1\jsr305-3.0.1.jar;C:\Users\gbevara\.m2\repository\net\sf\jopt-simple\jopt-simple\5.0.3\jopt-simple-5.0.3.jar;C:\Users\gbevara\.m2\repository\org\springframework\spring-core\4.3.11.RELEASE\spring-core-4.3.11.RELEASE.jar;C:\Users\gbevara\.m2\repository\org\springframework\spring-context\4.3.11.RELEASE\spring-context-4.3.11.RELEASE.jar;C:\Users\gbevara\.m2\repository\org\springframework\spring-aop\4.3.11.RELEASE\spring-aop-4.3.11.RELEASE.jar;C:\Users\gbevara\.m2\repository\org\springframework\spring-beans\4.3.11.RELEASE\spring-beans-4.3.11.RELEASE.jar;C:\Users\gbevara\.m2\repository\org\springframework\spring-expression\4.3.11.RELEASE\spring-expression-4.3.11.RELEASE.jar;C:\Users\gbevara\.m2\repository\org\springframework\spring-jdbc\4.3.11.RELEASE\spring-jdbc-4.3.11.RELEASE.jar;C:\Users\gbevara\.m2\repository\org\springframework\spring-tx\4.3.11.RELEASE\spring-tx-4.3.11.RELEASE.jar;C:\Users\gbevara\.m2\repository\org\springframework\integration\spring-integration-core\4.3.12.RELEASE\spring-integration-core-4.3.12.RELEASE.jar;C:\Users\gbevara\.m2\repository\org\springframework\spring-messaging\4.3.11.RELEASE\spring-messaging-4.3.11.RELEASE.jar;C:\Users\gbevara\.m2\repository\org\springframework\retry\spring-retry\1.1.3.RELEASE\spring-retry-1.1.3.RELEASE.jar;C:\Users\gbevara\.m2\repository\org\springframework\ws\spring-xml\2.4.0.RELEASE\spring-xml-2.4.0.RELEASE.jar;C:\Users\gbevara\.m2\repository\org\springframework\spring-oxm\4.3.11.RELEASE\spring-oxm-4.3.11.RELEASE.jar;C:\Users\gbevara\.m2\repository\org\springframework\spring-test\4.3.11.RELEASE\spring-test-4.3.11.RELEASE.jar;C:\Users\gbevara\.m2\repository\com\consol\citrus\citrus-java-dsl\2.7.3\citrus-java-dsl-2.7.3.jar;C:\Users\gbevara\.m2\repository\org\testng\testng\6.11\testng-6.11.jar;C:\Users\gbevara\.m2\repository\com\beust\jcommander\1.64\jcommander-1.64.jar;C:\Users\gbevara\.m2\repository\org\yaml\snakeyaml\1.17\snakeyaml-1.17.jar;C:\Users\gbevara\.m2\repository\commons-logging\commons-logging\1.2\commons-logging-1.2.jar;C:\Users\gbevara\.m2\repository\org\springframework\boot\spring-boot-starter-web\1.5.9.RELEASE\spring-boot-starter-web-1.5.9.RELEASE.jar;C:\Users\gbevara\.m2\repository\org\springframework\boot\spring-boot-starter\1.5.9.RELEASE\spring-boot-starter-1.5.9.RELEASE.jar;C:\Users\gbevara\.m2\repository\org\springframework\boot\spring-boot\1.5.9.RELEASE\spring-boot-1.5.9.RELEASE.jar;C:\Users\gbevara\.m2\repository\org\springframework\boot\spring-boot-autoconfigure\1.5.9.RELEASE\spring-boot-autoconfigure-1.5.9.RELEASE.jar;C:\Users\gbevara\.m2\repository\org\springframework\boot\spring-boot-starter-tomcat\1.5.9.RELEASE\spring-boot-starter-tomcat-1.5.9.RELEASE.jar;C:\Users\gbevara\.m2\repository\org\apache\tomcat\embed\tomcat-embed-core\8.5.23\tomcat-embed-core-8.5.23.jar;C:\Users\gbevara\.m2\repository\org\apache\tomcat\tomcat-annotations-api\8.5.23\tomcat-annotations-api-8.5.23.jar;C:\Users\gbevara\.m2\repository\org\apache\tomcat\embed\tomcat-embed-el\8.5.23\tomcat-embed-el-8.5.23.jar;C:\Users\gbevara\.m2\repository\org\apache\tomcat\embed\tomcat-embed-websocket\8.5.23\tomcat-embed-websocket-8.5.23.jar;C:\Users\gbevara\.m2\repository\org\hibernate\hibernate-validator\5.3.6.Final\hibernate-validator-5.3.6.Final.jar;C:\Users\gbevara\.m2\repository\javax\validation\validation-api\1.1.0.Final\validation-api-1.1.0.Final.jar;C:\Users\gbevara\.m2\repository\org\jboss\logging\jboss-logging\3.3.0.Final\jboss-logging-3.3.0.Final.jar;C:\Users\gbevara\.m2\repository\com\fasterxml\classmate\1.3.1\classmate-1.3.1.jar;C:\Users\gbevara\.m2\repository\org\springframework\spring-web\4.3.13.RELEASE\spring-web-4.3.13.RELEASE.jar;C:\Users\gbevara\.m2\repository\org\springframework\spring-webmvc\4.3.13.RELEASE\spring-webmvc-4.3.13.RELEASE.jar;"/>
    <property name="htmlreport.name" value="report7.html"/>
    <property name="java.vm.vendor" value="Oracle Corporation"/>
    <property name="sun.arch.data.model" value="64"/>
    <property name="user.variant" value=""/>
    <property name="java.vendor.url" value="http://java.oracle.com/"/>
    <property name="user.timezone" value="Asia/Calcutta"/>
    <property name="java.vm.specification.version" value="1.8"/>
    <property name="os.name" value="Windows 7"/>
    <property name="user.country" value="US"/>
    <property name="sun.java.launcher" value="SUN_STANDARD"/>
    <property name="sun.boot.library.path" value="C:\Program Files\Java\jdk1.8.0_161\jre\bin"/>
    <property name="sun.java.command" value="C:\Users\gbevara\AppData\Local\Temp\surefire926379357290648341\surefirebooter348324155590750811.jar C:\Users\gbevara\AppData\Local\Temp\surefire926379357290648341 2018-11-08T20-46-59_226-jvmRun1 surefire2646588100824364775tmp surefire_02476219672298117634tmp"/>
    <property name="test" value="SampleXmlIT"/>
    <property name="surefire.test.class.path" value="C:\Oxygen-eclipse\Workspace\multi-user-handling\target\test-classes;C:\Oxygen-eclipse\Workspace\multi-user-handling\target\classes;C:\Users\gbevara\.m2\repository\org\slf4j\jcl-over-slf4j\1.7.25\jcl-over-slf4j-1.7.25.jar;C:\Users\gbevara\.m2\repository\org\slf4j\slf4j-api\1.7.25\slf4j-api-1.7.25.jar;C:\Users\gbevara\.m2\repository\org\slf4j\slf4j-log4j12\1.7.25\slf4j-log4j12-1.7.25.jar;C:\Users\gbevara\.m2\repository\log4j\log4j\1.2.17\log4j-1.2.17.jar;C:\Users\gbevara\.m2\repository\commons-io\commons-io\1.3.2\commons-io-1.3.2.jar;C:\Users\gbevara\.m2\repository\com\consol\citrus\citrus-core\2.7.3\citrus-core-2.7.3.jar;C:\Users\gbevara\.m2\repository\com\consol\citrus\model\citrus-model-core\2.7.3\citrus-model-core-2.7.3.jar;C:\Users\gbevara\.m2\repository\javax\xml\bind\jaxb-api\2.2.11\jaxb-api-2.2.11.jar;C:\Users\gbevara\.m2\repository\com\sun\xml\bind\jaxb-core\2.2.11\jaxb-core-2.2.11.jar;C:\Users\gbevara\.m2\repository\com\sun\xml\bind\jaxb-impl\2.2.11\jaxb-impl-2.2.11.jar;C:\Users\gbevara\.m2\repository\commons-cli\commons-cli\1.3.1\commons-cli-1.3.1.jar;C:\Users\gbevara\.m2\repository\commons-codec\commons-codec\1.10\commons-codec-1.10.jar;C:\Users\gbevara\.m2\repository\commons-lang\commons-lang\2.6\commons-lang-2.6.jar;C:\Users\gbevara\.m2\repository\xalan\xalan\2.7.2\xalan-2.7.2.jar;C:\Users\gbevara\.m2\repository\xalan\serializer\2.7.2\serializer-2.7.2.jar;C:\Users\gbevara\.m2\repository\xerces\xercesImpl\2.11.0\xercesImpl-2.11.0.jar;C:\Users\gbevara\.m2\repository\xml-apis\xml-apis\1.4.01\xml-apis-1.4.01.jar;C:\Users\gbevara\.m2\repository\wsdl4j\wsdl4j\1.6.3\wsdl4j-1.6.3.jar;C:\Users\gbevara\.m2\repository\net\sf\jtidy\jtidy\r938\jtidy-r938.jar;C:\Users\gbevara\.m2\repository\org\hamcrest\hamcrest-core\1.3\hamcrest-core-1.3.jar;C:\Users\gbevara\.m2\repository\org\hamcrest\hamcrest-library\1.3\hamcrest-library-1.3.jar;C:\Users\gbevara\.m2\repository\org\codehaus\groovy\groovy\2.4.12\groovy-2.4.12.jar;C:\Users\gbevara\.m2\repository\org\codehaus\groovy\groovy-xml\2.4.12\groovy-xml-2.4.12.jar;C:\Users\gbevara\.m2\repository\org\codehaus\groovy\groovy-json\2.4.12\groovy-json-2.4.12.jar;C:\Users\gbevara\.m2\repository\org\codehaus\groovy\groovy-jsr223\2.4.12\groovy-jsr223-2.4.12.jar;C:\Users\gbevara\.m2\repository\commons-logging\commons-logging-api\1.1\commons-logging-api-1.1.jar;C:\Users\gbevara\.m2\repository\com\fasterxml\jackson\core\jackson-core\2.9.1\jackson-core-2.9.1.jar;C:\Users\gbevara\.m2\repository\com\fasterxml\jackson\core\jackson-annotations\2.9.1\jackson-annotations-2.9.1.jar;C:\Users\gbevara\.m2\repository\com\fasterxml\jackson\core\jackson-databind\2.9.1\jackson-databind-2.9.1.jar;C:\Users\gbevara\.m2\repository\net\minidev\json-smart\2.3\json-smart-2.3.jar;C:\Users\gbevara\.m2\repository\net\minidev\accessors-smart\1.2\accessors-smart-1.2.jar;C:\Users\gbevara\.m2\repository\org\ow2\asm\asm\5.0.4\asm-5.0.4.jar;C:\Users\gbevara\.m2\repository\com\jayway\jsonpath\json-path\2.4.0\json-path-2.4.0.jar;C:\Users\gbevara\.m2\repository\com\github\java-json-tools\json-schema-validator\2.2.8\json-schema-validator-2.2.8.jar;C:\Users\gbevara\.m2\repository\com\github\java-json-tools\json-schema-core\1.2.8\json-schema-core-1.2.8.jar;C:\Users\gbevara\.m2\repository\org\mozilla\rhino\1.7R4\rhino-1.7R4.jar;C:\Users\gbevara\.m2\repository\com\github\fge\jackson-coreutils\1.8\jackson-coreutils-1.8.jar;C:\Users\gbevara\.m2\repository\com\github\fge\msg-simple\1.1\msg-simple-1.1.jar;C:\Users\gbevara\.m2\repository\com\github\fge\btf\1.2\btf-1.2.jar;C:\Users\gbevara\.m2\repository\com\google\guava\guava\16.0.1\guava-16.0.1.jar;C:\Users\gbevara\.m2\repository\com\github\fge\uri-template\0.9\uri-template-0.9.jar;C:\Users\gbevara\.m2\repository\javax\mail\mailapi\1.4.3\mailapi-1.4.3.jar;C:\Users\gbevara\.m2\repository\javax\activation\activation\1.1\activation-1.1.jar;C:\Users\gbevara\.m2\repository\joda-time\joda-time\2.9.7\joda-time-2.9.7.jar;C:\Users\gbevara\.m2\repository\com\googlecode\libphonenumber\libphonenumber\8.0.0\libphonenumber-8.0.0.jar;C:\Users\gbevara\.m2\repository\com\google\code\findbugs\jsr305\3.0.1\jsr305-3.0.1.jar;C:\Users\gbevara\.m2\repository\net\sf\jopt-simple\jopt-simple\5.0.3\jopt-simple-5.0.3.jar;C:\Users\gbevara\.m2\repository\org\springframework\spring-core\4.3.11.RELEASE\spring-core-4.3.11.RELEASE.jar;C:\Users\gbevara\.m2\repository\org\springframework\spring-context\4.3.11.RELEASE\spring-context-4.3.11.RELEASE.jar;C:\Users\gbevara\.m2\repository\org\springframework\spring-aop\4.3.11.RELEASE\spring-aop-4.3.11.RELEASE.jar;C:\Users\gbevara\.m2\repository\org\springframework\spring-beans\4.3.11.RELEASE\spring-beans-4.3.11.RELEASE.jar;C:\Users\gbevara\.m2\repository\org\springframework\spring-expression\4.3.11.RELEASE\spring-expression-4.3.11.RELEASE.jar;C:\Users\gbevara\.m2\repository\org\springframework\spring-jdbc\4.3.11.RELEASE\spring-jdbc-4.3.11.RELEASE.jar;C:\Users\gbevara\.m2\repository\org\springframework\spring-tx\4.3.11.RELEASE\spring-tx-4.3.11.RELEASE.jar;C:\Users\gbevara\.m2\repository\org\springframework\integration\spring-integration-core\4.3.12.RELEASE\spring-integration-core-4.3.12.RELEASE.jar;C:\Users\gbevara\.m2\repository\org\springframework\spring-messaging\4.3.11.RELEASE\spring-messaging-4.3.11.RELEASE.jar;C:\Users\gbevara\.m2\repository\org\springframework\retry\spring-retry\1.1.3.RELEASE\spring-retry-1.1.3.RELEASE.jar;C:\Users\gbevara\.m2\repository\org\springframework\ws\spring-xml\2.4.0.RELEASE\spring-xml-2.4.0.RELEASE.jar;C:\Users\gbevara\.m2\repository\org\springframework\spring-oxm\4.3.11.RELEASE\spring-oxm-4.3.11.RELEASE.jar;C:\Users\gbevara\.m2\repository\org\springframework\spring-test\4.3.11.RELEASE\spring-test-4.3.11.RELEASE.jar;C:\Users\gbevara\.m2\repository\com\consol\citrus\citrus-java-dsl\2.7.3\citrus-java-dsl-2.7.3.jar;C:\Users\gbevara\.m2\repository\org\testng\testng\6.11\testng-6.11.jar;C:\Users\gbevara\.m2\repository\com\beust\jcommander\1.64\jcommander-1.64.jar;C:\Users\gbevara\.m2\repository\org\yaml\snakeyaml\1.17\snakeyaml-1.17.jar;C:\Users\gbevara\.m2\repository\commons-logging\commons-logging\1.2\commons-logging-1.2.jar;C:\Users\gbevara\.m2\repository\org\springframework\boot\spring-boot-starter-web\1.5.9.RELEASE\spring-boot-starter-web-1.5.9.RELEASE.jar;C:\Users\gbevara\.m2\repository\org\springframework\boot\spring-boot-starter\1.5.9.RELEASE\spring-boot-starter-1.5.9.RELEASE.jar;C:\Users\gbevara\.m2\repository\org\springframework\boot\spring-boot\1.5.9.RELEASE\spring-boot-1.5.9.RELEASE.jar;C:\Users\gbevara\.m2\repository\org\springframework\boot\spring-boot-autoconfigure\1.5.9.RELEASE\spring-boot-autoconfigure-1.5.9.RELEASE.jar;C:\Users\gbevara\.m2\repository\org\springframework\boot\spring-boot-starter-tomcat\1.5.9.RELEASE\spring-boot-starter-tomcat-1.5.9.RELEASE.jar;C:\Users\gbevara\.m2\repository\org\apache\tomcat\embed\tomcat-embed-core\8.5.23\tomcat-embed-core-8.5.23.jar;C:\Users\gbevara\.m2\repository\org\apache\tomcat\tomcat-annotations-api\8.5.23\tomcat-annotations-api-8.5.23.jar;C:\Users\gbevara\.m2\repository\org\apache\tomcat\embed\tomcat-embed-el\8.5.23\tomcat-embed-el-8.5.23.jar;C:\Users\gbevara\.m2\repository\org\apache\tomcat\embed\tomcat-embed-websocket\8.5.23\tomcat-embed-websocket-8.5.23.jar;C:\Users\gbevara\.m2\repository\org\hibernate\hibernate-validator\5.3.6.Final\hibernate-validator-5.3.6.Final.jar;C:\Users\gbevara\.m2\repository\javax\validation\validation-api\1.1.0.Final\validation-api-1.1.0.Final.jar;C:\Users\gbevara\.m2\repository\org\jboss\logging\jboss-logging\3.3.0.Final\jboss-logging-3.3.0.Final.jar;C:\Users\gbevara\.m2\repository\com\fasterxml\classmate\1.3.1\classmate-1.3.1.jar;C:\Users\gbevara\.m2\repository\org\springframework\spring-web\4.3.13.RELEASE\spring-web-4.3.13.RELEASE.jar;C:\Users\gbevara\.m2\repository\org\springframework\spring-webmvc\4.3.13.RELEASE\spring-webmvc-4.3.13.RELEASE.jar;"/>
    <property name="citrus.html.report.file" value="report7.html"/>
    <property name="sun.cpu.endian" value="little"/>
    <property name="citrus.xml.file.name.pattern" value="**/*Rest.xml"/>
    <property name="user.home" value="C:\Users\gbevara"/>
    <property name="user.language" value="en"/>
    <property name="java.specification.vendor" value="Oracle Corporation"/>
    <property name="java.home" value="C:\Program Files\Java\jdk1.8.0_161\jre"/>
    <property name="basedir" value="C:\Oxygen-eclipse\Workspace\multi-user-handling"/>
    <property name="file.separator" value="\"/>
    <property name="line.separator" value="&#10;"/>
    <property name="java.vm.specification.vendor" value="Oracle Corporation"/>
    <property name="java.specification.name" value="Java Platform API Specification"/>
    <property name="java.awt.graphicsenv" value="sun.awt.Win32GraphicsEnvironment"/>
    <property name="surefire.real.class.path" value="C:\Users\gbevara\AppData\Local\Temp\surefire926379357290648341\surefirebooter348324155590750811.jar"/>
    <property name="sun.boot.class.path" value="C:\Program Files\Java\jdk1.8.0_161\jre\lib\resources.jar;C:\Program Files\Java\jdk1.8.0_161\jre\lib\rt.jar;C:\Program Files\Java\jdk1.8.0_161\jre\lib\sunrsasign.jar;C:\Program Files\Java\jdk1.8.0_161\jre\lib\jsse.jar;C:\Program Files\Java\jdk1.8.0_161\jre\lib\jce.jar;C:\Program Files\Java\jdk1.8.0_161\jre\lib\charsets.jar;C:\Program Files\Java\jdk1.8.0_161\jre\lib\jfr.jar;C:\Program Files\Java\jdk1.8.0_161\jre\classes"/>
    <property name="user.script" value=""/>
    <property name="sun.management.compiler" value="HotSpot 64-Bit Tiered Compilers"/>
    <property name="java.runtime.version" value="1.8.0_161-b12"/>
    <property name="user.name" value="gbevara"/>
    <property name="path.separator" value=";"/>
    <property name="os.version" value="6.1"/>
    <property name="java.endorsed.dirs" value="C:\Program Files\Java\jdk1.8.0_161\jre\lib\endorsed"/>
    <property name="java.runtime.name" value="Java(TM) SE Runtime Environment"/>
    <property name="file.encoding" value="Cp1252"/>
    <property name="java.vm.name" value="Java HotSpot(TM) 64-Bit Server VM"/>
    <property name="filename.pattern" value="**/*Rest.xml"/>
    <property name="localRepository" value="C:\Users\gbevara\.m2\repository"/>
    <property name="java.vendor.url.bug" value="http://bugreport.sun.com/bugreport/"/>
    <property name="java.io.tmpdir" value="C:\Users\gbevara\AppData\Local\Temp\"/>
    <property name="java.version" value="1.8.0_161"/>
    <property name="user.dir" value="C:\Oxygen-eclipse\Workspace\multi-user-handling"/>
    <property name="os.arch" value="amd64"/>
    <property name="java.vm.specification.name" value="Java Virtual Machine Specification"/>
    <property name="java.awt.printerjob" value="sun.awt.windows.WPrinterJob"/>
    <property name="sun.os.patch.level" value="Service Pack 1"/>
    <property name="java.library.path" value="C:\Program Files\Java\jdk1.8.0_161\jre\bin;C:\Windows\Sun\Java\bin;C:\Windows\system32;C:\Windows;C:/Program Files/Java/jre1.8.0_161/bin/server;C:/Program Files/Java/jre1.8.0_161/bin;C:/Program Files/Java/jre1.8.0_161/lib/amd64;C:\ProgramData\Oracle\Java\javapath;C:\Windows\system32;C:\Windows;C:\Windows\System32\Wbem;C:\Windows\System32\WindowsPowerShell\v1.0\;C:\maven\apache-maven-3.6.0\bin;C:\Oxygen-eclipse\eclipse;;."/>
    <property name="java.vm.info" value="mixed mode"/>
    <property name="java.vendor" value="Oracle Corporation"/>
    <property name="java.vm.version" value="25.161-b12"/>
    <property name="java.ext.dirs" value="C:\Program Files\Java\jdk1.8.0_161\jre\lib\ext;C:\Windows\Sun\Java\lib\ext"/>
    <property name="sun.io.unicode.encoding" value="UnicodeLittle"/>
    <property name="java.class.version" value="52.0"/>
  </properties>
  <testcase name="sampleXml" classname="com.walmart.tests.SampleXmlIT" time="0.146"/>
</testsuite>