<?xml version="1.0" encoding="UTF-8"?>
<!-- Generated by org.testng.reporters.JUnitReportReporter -->
<testsuite skipped="0" hostname="MH25081305" name="com.walmart.tests.SampleXmlIT" tests="1" failures="0" timestamp="23 Aug 2018 14:50:03 GMT" time="0.403" errors="0">
  <testcase name="sampleXml" time="0.403" classname="com.walmart.tests.SampleXmlIT"/>
</testsuite> <!-- com.walmart.tests.SampleXmlIT -->
