<?xml version="1.0" encoding="UTF-8"?>
<!-- Generated by org.testng.reporters.JUnitReportReporter -->
<testsuite skipped="0" hostname="MH25071422" name="com.walmart.tests.SampleXmlIT" tests="1" failures="0" timestamp="08 Nov 2018 15:17:01 GMT" time="0.143" errors="0">
  <testcase name="sampleXml" time="0.143" classname="com.walmart.tests.SampleXmlIT"/>
</testsuite> <!-- com.walmart.tests.SampleXmlIT -->
